<?xml version="1.0" encoding="UTF-8"?>
<!-- Generated by org.testng.reporters.JUnitXMLReporter -->
<testsuite ignored="0" hostname="DESKTOP-Q59R3VD" failures="0" tests="3" name="Default test" time="109.833" errors="0" timestamp="2023-06-18T11:07:40 EDT">
  <testcase classname="TestModel.OpenSignUp" name="testSignUp" time="38.75"/>
  <testcase classname="TestModel.OpenSignUp" name="testSignUp" time="32.769"/>
  <testcase classname="TestModel.OpenSignUp" name="testSignUp" time="35.005"/>
</testsuite> <!-- Default test -->
