<?xml version="1.0" encoding="UTF-8"?>
<!-- Generated by org.testng.reporters.JUnitXMLReporter -->
<testsuite ignored="0" hostname="DESKTOP-Q59R3VD" failures="0" tests="3" name="Default test" time="107.753" errors="0" timestamp="2023-03-19T22:56:12 EDT">
  <testcase classname="test.OpenSignUp" name="testSignUp" time="30.494"/>
  <testcase classname="test.OpenSignUp" name="testSignUp" time="22.986"/>
  <testcase classname="test.OpenSignUp" name="testSignUp" time="23.064"/>
</testsuite> <!-- Default test -->
