<?xml version="1.0" encoding="UTF-8"?>
<testng-results ignored="0" total="1" passed="1" failed="0" skipped="0">
  <reporter-output>
  </reporter-output>
  <suite started-at="2023-06-10T11:45:09 EDT" name="Default suite" finished-at="2023-06-10T11:46:55 EDT" duration-ms="106340">
    <groups>
    </groups>
    <test started-at="2023-06-10T11:45:09 EDT" name="Default test" finished-at="2023-06-10T11:46:55 EDT" duration-ms="106340">
      <class name="SeleniumTestMethods.MultiWindow">
        <test-method is-config="true" signature="SetupSuite()[pri:0, instance:SeleniumTestMethods.MultiWindow@5f9b2141]" started-at="2023-06-10T11:45:09 EDT" name="SetupSuite" finished-at="2023-06-10T11:45:09 EDT" duration-ms="15" status="PASS">
          <reporter-output>
          </reporter-output>
        </test-method> <!-- SetupSuite -->
        <test-method is-config="true" signature="Testconfig()[pri:0, instance:SeleniumTestMethods.MultiWindow@5f9b2141]" started-at="2023-06-10T11:45:09 EDT" name="Testconfig" finished-at="2023-06-10T11:45:10 EDT" duration-ms="1264" status="PASS">
          <reporter-output>
          </reporter-output>
        </test-method> <!-- Testconfig -->
        <test-method is-config="true" signature="Synchronize()[pri:0, instance:SeleniumTestMethods.MultiWindow@5f9b2141]" started-at="2023-06-10T11:45:10 EDT" name="Synchronize" finished-at="2023-06-10T11:45:10 EDT" duration-ms="118" status="PASS">
          <reporter-output>
          </reporter-output>
        </test-method> <!-- Synchronize -->
        <test-method is-config="true" signature="BrowserConfig()[pri:0, instance:SeleniumTestMethods.MultiWindow@5f9b2141]" started-at="2023-06-10T11:45:10 EDT" name="BrowserConfig" finished-at="2023-06-10T11:45:10 EDT" duration-ms="27" status="PASS">
          <reporter-output>
          </reporter-output>
        </test-method> <!-- BrowserConfig -->
        <test-method signature="multiwindow()[pri:0, instance:SeleniumTestMethods.MultiWindow@5f9b2141]" started-at="2023-06-10T11:45:10 EDT" name="multiwindow" finished-at="2023-06-10T11:46:55 EDT" duration-ms="104815" status="PASS">
          <reporter-output>
          </reporter-output>
        </test-method> <!-- multiwindow -->
        <test-method is-config="true" signature="validations()[pri:0, instance:SeleniumTestMethods.MultiWindow@5f9b2141]" started-at="2023-06-10T11:46:55 EDT" name="validations" finished-at="2023-06-10T11:46:55 EDT" duration-ms="1" status="PASS">
          <reporter-output>
          </reporter-output>
        </test-method> <!-- validations -->
        <test-method is-config="true" signature="BrowserClosing()[pri:0, instance:SeleniumTestMethods.MultiWindow@5f9b2141]" started-at="2023-06-10T11:46:55 EDT" name="BrowserClosing" finished-at="2023-06-10T11:46:55 EDT" duration-ms="66" status="PASS">
          <reporter-output>
          </reporter-output>
        </test-method> <!-- BrowserClosing -->
        <test-method is-config="true" signature="terminate()[pri:0, instance:SeleniumTestMethods.MultiWindow@5f9b2141]" started-at="2023-06-10T11:46:55 EDT" name="terminate" finished-at="2023-06-10T11:46:55 EDT" duration-ms="361" status="PASS">
          <reporter-output>
          </reporter-output>
        </test-method> <!-- terminate -->
      </class> <!-- SeleniumTestMethods.MultiWindow -->
    </test> <!-- Default test -->
  </suite> <!-- Default suite -->
</testng-results>
